E0908 18:16:19.827459    9391 dev.go:79] Failed to load initial config from "/home/user/studio/dataconnect": could not find dataconnect.yaml in `/home/user/studio/dataconnect`
E0908 18:16:19.828991    9391 watch.go:102] watchAllDir unable to walk dir `/home/user/studio/dataconnect`: lstat /home/user/studio/dataconnect: no such file or directory
I0908 18:16:19.841873    9391 dev.go:102] Listening on address (HTTP + gRPC): 127.0.0.1:50001
E0908 18:16:29.829442    9391 watch.go:31] Failed to load config from "/home/user/studio/dataconnect": could not find dataconnect.yaml in `/home/user/studio/dataconnect`
E0908 18:16:39.838589    9391 watch.go:31] Failed to load config from "/home/user/studio/dataconnect": could not find dataconnect.yaml in `/home/user/studio/dataconnect`
E0908 18:16:49.829853    9391 watch.go:31] Failed to load config from "/home/user/studio/dataconnect": could not find dataconnect.yaml in `/home/user/studio/dataconnect`
E0908 18:16:59.838881    9391 watch.go:31] Failed to load config from "/home/user/studio/dataconnect": could not find dataconnect.yaml in `/home/user/studio/dataconnect`
E0908 18:17:09.838918    9391 watch.go:31] Failed to load config from "/home/user/studio/dataconnect": could not find dataconnect.yaml in `/home/user/studio/dataconnect`
E0908 18:17:19.829679    9391 watch.go:31] Failed to load config from "/home/user/studio/dataconnect": could not find dataconnect.yaml in `/home/user/studio/dataconnect`
E0908 18:17:29.838879    9391 watch.go:31] Failed to load config from "/home/user/studio/dataconnect": could not find dataconnect.yaml in `/home/user/studio/dataconnect`
E0908 18:17:39.838990    9391 watch.go:31] Failed to load config from "/home/user/studio/dataconnect": could not find dataconnect.yaml in `/home/user/studio/dataconnect`
E0908 18:17:49.829292    9391 watch.go:31] Failed to load config from "/home/user/studio/dataconnect": could not find dataconnect.yaml in `/home/user/studio/dataconnect`
E0908 18:17:59.836531    9391 watch.go:31] Failed to load config from "/home/user/studio/dataconnect": could not find dataconnect.yaml in `/home/user/studio/dataconnect`
E0908 18:18:09.834701    9391 watch.go:31] Failed to load config from "/home/user/studio/dataconnect": could not find dataconnect.yaml in `/home/user/studio/dataconnect`
E0908 18:18:19.829770    9391 watch.go:31] Failed to load config from "/home/user/studio/dataconnect": could not find dataconnect.yaml in `/home/user/studio/dataconnect`
E0908 18:18:19.829999    9391 watch.go:102] watchAllDir unable to walk dir `/home/user/studio/dataconnect`: lstat /home/user/studio/dataconnect: no such file or directory
E0908 18:18:29.829467    9391 watch.go:31] Failed to load config from "/home/user/studio/dataconnect": could not find dataconnect.yaml in `/home/user/studio/dataconnect`
E0908 18:18:39.832118    9391 watch.go:31] Failed to load config from "/home/user/studio/dataconnect": could not find dataconnect.yaml in `/home/user/studio/dataconnect`
E0908 18:18:49.830386    9391 watch.go:31] Failed to load config from "/home/user/studio/dataconnect": could not find dataconnect.yaml in `/home/user/studio/dataconnect`
E0908 18:18:59.835997    9391 watch.go:31] Failed to load config from "/home/user/studio/dataconnect": could not find dataconnect.yaml in `/home/user/studio/dataconnect`
E0908 18:19:09.829470    9391 watch.go:31] Failed to load config from "/home/user/studio/dataconnect": could not find dataconnect.yaml in `/home/user/studio/dataconnect`
E0908 18:19:19.829684    9391 watch.go:31] Failed to load config from "/home/user/studio/dataconnect": could not find dataconnect.yaml in `/home/user/studio/dataconnect`
E0908 18:19:29.838977    9391 watch.go:31] Failed to load config from "/home/user/studio/dataconnect": could not find dataconnect.yaml in `/home/user/studio/dataconnect`
E0908 18:19:39.835965    9391 watch.go:31] Failed to load config from "/home/user/studio/dataconnect": could not find dataconnect.yaml in `/home/user/studio/dataconnect`
E0908 18:19:49.830327    9391 watch.go:31] Failed to load config from "/home/user/studio/dataconnect": could not find dataconnect.yaml in `/home/user/studio/dataconnect`
E0908 18:19:59.836022    9391 watch.go:31] Failed to load config from "/home/user/studio/dataconnect": could not find dataconnect.yaml in `/home/user/studio/dataconnect`
E0908 18:20:09.829457    9391 watch.go:31] Failed to load config from "/home/user/studio/dataconnect": could not find dataconnect.yaml in `/home/user/studio/dataconnect`
E0908 18:20:19.830275    9391 watch.go:31] Failed to load config from "/home/user/studio/dataconnect": could not find dataconnect.yaml in `/home/user/studio/dataconnect`
E0908 18:20:19.830337    9391 watch.go:102] watchAllDir unable to walk dir `/home/user/studio/dataconnect`: lstat /home/user/studio/dataconnect: no such file or directory
E0908 18:20:29.829972    9391 watch.go:31] Failed to load config from "/home/user/studio/dataconnect": could not find dataconnect.yaml in `/home/user/studio/dataconnect`
E0908 18:20:39.829521    9391 watch.go:31] Failed to load config from "/home/user/studio/dataconnect": could not find dataconnect.yaml in `/home/user/studio/dataconnect`
E0908 18:20:49.829300    9391 watch.go:31] Failed to load config from "/home/user/studio/dataconnect": could not find dataconnect.yaml in `/home/user/studio/dataconnect`
E0908 18:20:59.837774    9391 watch.go:31] Failed to load config from "/home/user/studio/dataconnect": could not find dataconnect.yaml in `/home/user/studio/dataconnect`
E0908 18:21:09.829474    9391 watch.go:31] Failed to load config from "/home/user/studio/dataconnect": could not find dataconnect.yaml in `/home/user/studio/dataconnect`
E0908 18:21:19.830258    9391 watch.go:31] Failed to load config from "/home/user/studio/dataconnect": could not find dataconnect.yaml in `/home/user/studio/dataconnect`
E0908 18:21:29.838555    9391 watch.go:31] Failed to load config from "/home/user/studio/dataconnect": could not find dataconnect.yaml in `/home/user/studio/dataconnect`
E0908 18:21:39.838319    9391 watch.go:31] Failed to load config from "/home/user/studio/dataconnect": could not find dataconnect.yaml in `/home/user/studio/dataconnect`
E0908 18:21:49.829605    9391 watch.go:31] Failed to load config from "/home/user/studio/dataconnect": could not find dataconnect.yaml in `/home/user/studio/dataconnect`
E0908 18:21:59.835313    9391 watch.go:31] Failed to load config from "/home/user/studio/dataconnect": could not find dataconnect.yaml in `/home/user/studio/dataconnect`
E0908 18:22:09.829476    9391 watch.go:31] Failed to load config from "/home/user/studio/dataconnect": could not find dataconnect.yaml in `/home/user/studio/dataconnect`
E0908 18:22:19.830341    9391 watch.go:31] Failed to load config from "/home/user/studio/dataconnect": could not find dataconnect.yaml in `/home/user/studio/dataconnect`
E0908 18:22:19.830394    9391 watch.go:102] watchAllDir unable to walk dir `/home/user/studio/dataconnect`: lstat /home/user/studio/dataconnect: no such file or directory
E0908 18:22:29.838780    9391 watch.go:31] Failed to load config from "/home/user/studio/dataconnect": could not find dataconnect.yaml in `/home/user/studio/dataconnect`
E0908 18:22:39.829932    9391 watch.go:31] Failed to load config from "/home/user/studio/dataconnect": could not find dataconnect.yaml in `/home/user/studio/dataconnect`
E0908 18:22:49.829998    9391 watch.go:31] Failed to load config from "/home/user/studio/dataconnect": could not find dataconnect.yaml in `/home/user/studio/dataconnect`
E0908 18:22:59.829482    9391 watch.go:31] Failed to load config from "/home/user/studio/dataconnect": could not find dataconnect.yaml in `/home/user/studio/dataconnect`
E0908 18:23:09.829426    9391 watch.go:31] Failed to load config from "/home/user/studio/dataconnect": could not find dataconnect.yaml in `/home/user/studio/dataconnect`
E0908 18:23:19.829310    9391 watch.go:31] Failed to load config from "/home/user/studio/dataconnect": could not find dataconnect.yaml in `/home/user/studio/dataconnect`
E0908 18:23:29.829493    9391 watch.go:31] Failed to load config from "/home/user/studio/dataconnect": could not find dataconnect.yaml in `/home/user/studio/dataconnect`
E0908 18:23:39.838607    9391 watch.go:31] Failed to load config from "/home/user/studio/dataconnect": could not find dataconnect.yaml in `/home/user/studio/dataconnect`
E0908 18:23:49.830007    9391 watch.go:31] Failed to load config from "/home/user/studio/dataconnect": could not find dataconnect.yaml in `/home/user/studio/dataconnect`
E0908 18:23:59.829469    9391 watch.go:31] Failed to load config from "/home/user/studio/dataconnect": could not find dataconnect.yaml in `/home/user/studio/dataconnect`
E0908 18:24:09.838790    9391 watch.go:31] Failed to load config from "/home/user/studio/dataconnect": could not find dataconnect.yaml in `/home/user/studio/dataconnect`
E0908 18:24:19.830189    9391 watch.go:31] Failed to load config from "/home/user/studio/dataconnect": could not find dataconnect.yaml in `/home/user/studio/dataconnect`
E0908 18:24:19.830243    9391 watch.go:102] watchAllDir unable to walk dir `/home/user/studio/dataconnect`: lstat /home/user/studio/dataconnect: no such file or directory
E0908 18:24:29.838577    9391 watch.go:31] Failed to load config from "/home/user/studio/dataconnect": could not find dataconnect.yaml in `/home/user/studio/dataconnect`
E0908 18:24:39.838805    9391 watch.go:31] Failed to load config from "/home/user/studio/dataconnect": could not find dataconnect.yaml in `/home/user/studio/dataconnect`
E0908 18:24:49.829436    9391 watch.go:31] Failed to load config from "/home/user/studio/dataconnect": could not find dataconnect.yaml in `/home/user/studio/dataconnect`
E0908 18:24:59.833011    9391 watch.go:31] Failed to load config from "/home/user/studio/dataconnect": could not find dataconnect.yaml in `/home/user/studio/dataconnect`
E0908 18:25:09.829455    9391 watch.go:31] Failed to load config from "/home/user/studio/dataconnect": could not find dataconnect.yaml in `/home/user/studio/dataconnect`
E0908 18:25:19.830273    9391 watch.go:31] Failed to load config from "/home/user/studio/dataconnect": could not find dataconnect.yaml in `/home/user/studio/dataconnect`
E0908 18:25:29.831583    9391 watch.go:31] Failed to load config from "/home/user/studio/dataconnect": could not find dataconnect.yaml in `/home/user/studio/dataconnect`
E0908 18:25:39.838720    9391 watch.go:31] Failed to load config from "/home/user/studio/dataconnect": could not find dataconnect.yaml in `/home/user/studio/dataconnect`
E0908 18:25:49.829717    9391 watch.go:31] Failed to load config from "/home/user/studio/dataconnect": could not find dataconnect.yaml in `/home/user/studio/dataconnect`
E0908 18:25:59.829468    9391 watch.go:31] Failed to load config from "/home/user/studio/dataconnect": could not find dataconnect.yaml in `/home/user/studio/dataconnect`
E0908 18:26:09.829496    9391 watch.go:31] Failed to load config from "/home/user/studio/dataconnect": could not find dataconnect.yaml in `/home/user/studio/dataconnect`
E0908 18:26:19.829387    9391 watch.go:31] Failed to load config from "/home/user/studio/dataconnect": could not find dataconnect.yaml in `/home/user/studio/dataconnect`
E0908 18:26:19.829443    9391 watch.go:102] watchAllDir unable to walk dir `/home/user/studio/dataconnect`: lstat /home/user/studio/dataconnect: no such file or directory
E0908 18:26:29.835988    9391 watch.go:31] Failed to load config from "/home/user/studio/dataconnect": could not find dataconnect.yaml in `/home/user/studio/dataconnect`
E0908 18:26:39.833545    9391 watch.go:31] Failed to load config from "/home/user/studio/dataconnect": could not find dataconnect.yaml in `/home/user/studio/dataconnect`
E0908 18:26:49.855115    9391 watch.go:31] Failed to load config from "/home/user/studio/dataconnect": could not find dataconnect.yaml in `/home/user/studio/dataconnect`
E0908 18:26:59.829414    9391 watch.go:31] Failed to load config from "/home/user/studio/dataconnect": could not find dataconnect.yaml in `/home/user/studio/dataconnect`
E0908 18:27:09.838517    9391 watch.go:31] Failed to load config from "/home/user/studio/dataconnect": could not find dataconnect.yaml in `/home/user/studio/dataconnect`
E0908 18:27:19.829847    9391 watch.go:31] Failed to load config from "/home/user/studio/dataconnect": could not find dataconnect.yaml in `/home/user/studio/dataconnect`
E0908 18:27:29.829456    9391 watch.go:31] Failed to load config from "/home/user/studio/dataconnect": could not find dataconnect.yaml in `/home/user/studio/dataconnect`
E0908 18:27:39.829452    9391 watch.go:31] Failed to load config from "/home/user/studio/dataconnect": could not find dataconnect.yaml in `/home/user/studio/dataconnect`
E0908 18:27:49.830199    9391 watch.go:31] Failed to load config from "/home/user/studio/dataconnect": could not find dataconnect.yaml in `/home/user/studio/dataconnect`
E0908 18:27:59.837679    9391 watch.go:31] Failed to load config from "/home/user/studio/dataconnect": could not find dataconnect.yaml in `/home/user/studio/dataconnect`
E0908 18:28:09.838444    9391 watch.go:31] Failed to load config from "/home/user/studio/dataconnect": could not find dataconnect.yaml in `/home/user/studio/dataconnect`
E0908 18:28:19.830216    9391 watch.go:31] Failed to load config from "/home/user/studio/dataconnect": could not find dataconnect.yaml in `/home/user/studio/dataconnect`
E0908 18:28:19.830270    9391 watch.go:102] watchAllDir unable to walk dir `/home/user/studio/dataconnect`: lstat /home/user/studio/dataconnect: no such file or directory
E0908 18:28:29.838510    9391 watch.go:31] Failed to load config from "/home/user/studio/dataconnect": could not find dataconnect.yaml in `/home/user/studio/dataconnect`
E0908 18:28:39.838662    9391 watch.go:31] Failed to load config from "/home/user/studio/dataconnect": could not find dataconnect.yaml in `/home/user/studio/dataconnect`
E0908 18:28:49.830039    9391 watch.go:31] Failed to load config from "/home/user/studio/dataconnect": could not find dataconnect.yaml in `/home/user/studio/dataconnect`
E0908 18:28:59.829971    9391 watch.go:31] Failed to load config from "/home/user/studio/dataconnect": could not find dataconnect.yaml in `/home/user/studio/dataconnect`
E0908 18:29:09.829467    9391 watch.go:31] Failed to load config from "/home/user/studio/dataconnect": could not find dataconnect.yaml in `/home/user/studio/dataconnect`
E0908 18:29:19.830336    9391 watch.go:31] Failed to load config from "/home/user/studio/dataconnect": could not find dataconnect.yaml in `/home/user/studio/dataconnect`
E0908 18:29:29.839052    9391 watch.go:31] Failed to load config from "/home/user/studio/dataconnect": could not find dataconnect.yaml in `/home/user/studio/dataconnect`
E0908 18:29:39.836177    9391 watch.go:31] Failed to load config from "/home/user/studio/dataconnect": could not find dataconnect.yaml in `/home/user/studio/dataconnect`
E0908 18:29:49.830311    9391 watch.go:31] Failed to load config from "/home/user/studio/dataconnect": could not find dataconnect.yaml in `/home/user/studio/dataconnect`
E0908 18:29:59.838558    9391 watch.go:31] Failed to load config from "/home/user/studio/dataconnect": could not find dataconnect.yaml in `/home/user/studio/dataconnect`
E0908 18:30:09.829436    9391 watch.go:31] Failed to load config from "/home/user/studio/dataconnect": could not find dataconnect.yaml in `/home/user/studio/dataconnect`
E0908 18:30:19.829837    9391 watch.go:31] Failed to load config from "/home/user/studio/dataconnect": could not find dataconnect.yaml in `/home/user/studio/dataconnect`
E0908 18:30:19.829915    9391 watch.go:102] watchAllDir unable to walk dir `/home/user/studio/dataconnect`: lstat /home/user/studio/dataconnect: no such file or directory
E0908 18:30:29.829442    9391 watch.go:31] Failed to load config from "/home/user/studio/dataconnect": could not find dataconnect.yaml in `/home/user/studio/dataconnect`
E0908 18:30:39.829453    9391 watch.go:31] Failed to load config from "/home/user/studio/dataconnect": could not find dataconnect.yaml in `/home/user/studio/dataconnect`
E0908 18:30:49.830381    9391 watch.go:31] Failed to load config from "/home/user/studio/dataconnect": could not find dataconnect.yaml in `/home/user/studio/dataconnect`
E0908 18:30:59.836000    9391 watch.go:31] Failed to load config from "/home/user/studio/dataconnect": could not find dataconnect.yaml in `/home/user/studio/dataconnect`
E0908 18:31:09.829919    9391 watch.go:31] Failed to load config from "/home/user/studio/dataconnect": could not find dataconnect.yaml in `/home/user/studio/dataconnect`
E0908 18:31:19.830344    9391 watch.go:31] Failed to load config from "/home/user/studio/dataconnect": could not find dataconnect.yaml in `/home/user/studio/dataconnect`
E0908 18:31:29.836267    9391 watch.go:31] Failed to load config from "/home/user/studio/dataconnect": could not find dataconnect.yaml in `/home/user/studio/dataconnect`
E0908 18:31:39.835676    9391 watch.go:31] Failed to load config from "/home/user/studio/dataconnect": could not find dataconnect.yaml in `/home/user/studio/dataconnect`
E0908 18:31:49.830103    9391 watch.go:31] Failed to load config from "/home/user/studio/dataconnect": could not find dataconnect.yaml in `/home/user/studio/dataconnect`
E0908 18:31:59.838403    9391 watch.go:31] Failed to load config from "/home/user/studio/dataconnect": could not find dataconnect.yaml in `/home/user/studio/dataconnect`
E0908 18:32:09.829468    9391 watch.go:31] Failed to load config from "/home/user/studio/dataconnect": could not find dataconnect.yaml in `/home/user/studio/dataconnect`
E0908 18:32:19.829419    9391 watch.go:31] Failed to load config from "/home/user/studio/dataconnect": could not find dataconnect.yaml in `/home/user/studio/dataconnect`
E0908 18:32:19.829474    9391 watch.go:102] watchAllDir unable to walk dir `/home/user/studio/dataconnect`: lstat /home/user/studio/dataconnect: no such file or directory
E0908 18:32:29.838772    9391 watch.go:31] Failed to load config from "/home/user/studio/dataconnect": could not find dataconnect.yaml in `/home/user/studio/dataconnect`
E0908 18:32:39.837092    9391 watch.go:31] Failed to load config from "/home/user/studio/dataconnect": could not find dataconnect.yaml in `/home/user/studio/dataconnect`
E0908 18:32:49.829400    9391 watch.go:31] Failed to load config from "/home/user/studio/dataconnect": could not find dataconnect.yaml in `/home/user/studio/dataconnect`
E0908 18:32:59.839117    9391 watch.go:31] Failed to load config from "/home/user/studio/dataconnect": could not find dataconnect.yaml in `/home/user/studio/dataconnect`
E0908 18:33:09.839312    9391 watch.go:31] Failed to load config from "/home/user/studio/dataconnect": could not find dataconnect.yaml in `/home/user/studio/dataconnect`
E0908 18:33:19.829467    9391 watch.go:31] Failed to load config from "/home/user/studio/dataconnect": could not find dataconnect.yaml in `/home/user/studio/dataconnect`
E0908 18:33:29.837079    9391 watch.go:31] Failed to load config from "/home/user/studio/dataconnect": could not find dataconnect.yaml in `/home/user/studio/dataconnect`
E0908 18:33:39.829461    9391 watch.go:31] Failed to load config from "/home/user/studio/dataconnect": could not find dataconnect.yaml in `/home/user/studio/dataconnect`
E0908 18:33:49.830265    9391 watch.go:31] Failed to load config from "/home/user/studio/dataconnect": could not find dataconnect.yaml in `/home/user/studio/dataconnect`
E0908 18:33:59.835957    9391 watch.go:31] Failed to load config from "/home/user/studio/dataconnect": could not find dataconnect.yaml in `/home/user/studio/dataconnect`
E0908 18:34:09.832216    9391 watch.go:31] Failed to load config from "/home/user/studio/dataconnect": could not find dataconnect.yaml in `/home/user/studio/dataconnect`
E0908 18:34:19.829835    9391 watch.go:31] Failed to load config from "/home/user/studio/dataconnect": could not find dataconnect.yaml in `/home/user/studio/dataconnect`
E0908 18:34:19.829893    9391 watch.go:102] watchAllDir unable to walk dir `/home/user/studio/dataconnect`: lstat /home/user/studio/dataconnect: no such file or directory
E0908 18:34:29.838921    9391 watch.go:31] Failed to load config from "/home/user/studio/dataconnect": could not find dataconnect.yaml in `/home/user/studio/dataconnect`
E0908 18:34:39.829710    9391 watch.go:31] Failed to load config from "/home/user/studio/dataconnect": could not find dataconnect.yaml in `/home/user/studio/dataconnect`
E0908 18:34:49.830101    9391 watch.go:31] Failed to load config from "/home/user/studio/dataconnect": could not find dataconnect.yaml in `/home/user/studio/dataconnect`
E0908 18:34:59.838353    9391 watch.go:31] Failed to load config from "/home/user/studio/dataconnect": could not find dataconnect.yaml in `/home/user/studio/dataconnect`
E0908 18:35:09.838499    9391 watch.go:31] Failed to load config from "/home/user/studio/dataconnect": could not find dataconnect.yaml in `/home/user/studio/dataconnect`
E0908 18:35:19.829823    9391 watch.go:31] Failed to load config from "/home/user/studio/dataconnect": could not find dataconnect.yaml in `/home/user/studio/dataconnect`
E0908 18:35:29.829484    9391 watch.go:31] Failed to load config from "/home/user/studio/dataconnect": could not find dataconnect.yaml in `/home/user/studio/dataconnect`
E0908 18:35:39.838972    9391 watch.go:31] Failed to load config from "/home/user/studio/dataconnect": could not find dataconnect.yaml in `/home/user/studio/dataconnect`
E0908 18:35:49.830336    9391 watch.go:31] Failed to load config from "/home/user/studio/dataconnect": could not find dataconnect.yaml in `/home/user/studio/dataconnect`
E0908 18:35:59.838621    9391 watch.go:31] Failed to load config from "/home/user/studio/dataconnect": could not find dataconnect.yaml in `/home/user/studio/dataconnect`
E0908 18:36:09.829445    9391 watch.go:31] Failed to load config from "/home/user/studio/dataconnect": could not find dataconnect.yaml in `/home/user/studio/dataconnect`
E0908 18:36:19.830223    9391 watch.go:31] Failed to load config from "/home/user/studio/dataconnect": could not find dataconnect.yaml in `/home/user/studio/dataconnect`
E0908 18:36:19.830279    9391 watch.go:102] watchAllDir unable to walk dir `/home/user/studio/dataconnect`: lstat /home/user/studio/dataconnect: no such file or directory
E0908 18:36:29.838580    9391 watch.go:31] Failed to load config from "/home/user/studio/dataconnect": could not find dataconnect.yaml in `/home/user/studio/dataconnect`
E0908 18:36:39.838779    9391 watch.go:31] Failed to load config from "/home/user/studio/dataconnect": could not find dataconnect.yaml in `/home/user/studio/dataconnect`
E0908 18:36:49.829308    9391 watch.go:31] Failed to load config from "/home/user/studio/dataconnect": could not find dataconnect.yaml in `/home/user/studio/dataconnect`
E0908 18:36:59.829532    9391 watch.go:31] Failed to load config from "/home/user/studio/dataconnect": could not find dataconnect.yaml in `/home/user/studio/dataconnect`
E0908 18:37:09.837947    9391 watch.go:31] Failed to load config from "/home/user/studio/dataconnect": could not find dataconnect.yaml in `/home/user/studio/dataconnect`
E0908 18:37:19.830177    9391 watch.go:31] Failed to load config from "/home/user/studio/dataconnect": could not find dataconnect.yaml in `/home/user/studio/dataconnect`
E0908 18:37:29.829778    9391 watch.go:31] Failed to load config from "/home/user/studio/dataconnect": could not find dataconnect.yaml in `/home/user/studio/dataconnect`
E0908 18:37:39.829477    9391 watch.go:31] Failed to load config from "/home/user/studio/dataconnect": could not find dataconnect.yaml in `/home/user/studio/dataconnect`
E0908 18:37:49.830129    9391 watch.go:31] Failed to load config from "/home/user/studio/dataconnect": could not find dataconnect.yaml in `/home/user/studio/dataconnect`
E0908 18:37:59.835951    9391 watch.go:31] Failed to load config from "/home/user/studio/dataconnect": could not find dataconnect.yaml in `/home/user/studio/dataconnect`
E0908 18:38:09.842868    9391 watch.go:31] Failed to load config from "/home/user/studio/dataconnect": could not find dataconnect.yaml in `/home/user/studio/dataconnect`
E0908 18:38:19.833142    9391 watch.go:31] Failed to load config from "/home/user/studio/dataconnect": could not find dataconnect.yaml in `/home/user/studio/dataconnect`
E0908 18:38:19.833191    9391 watch.go:102] watchAllDir unable to walk dir `/home/user/studio/dataconnect`: lstat /home/user/studio/dataconnect: no such file or directory
E0908 18:38:29.837884    9391 watch.go:31] Failed to load config from "/home/user/studio/dataconnect": could not find dataconnect.yaml in `/home/user/studio/dataconnect`
E0908 18:38:39.838873    9391 watch.go:31] Failed to load config from "/home/user/studio/dataconnect": could not find dataconnect.yaml in `/home/user/studio/dataconnect`
E0908 18:38:49.830034    9391 watch.go:31] Failed to load config from "/home/user/studio/dataconnect": could not find dataconnect.yaml in `/home/user/studio/dataconnect`
E0908 18:38:59.838859    9391 watch.go:31] Failed to load config from "/home/user/studio/dataconnect": could not find dataconnect.yaml in `/home/user/studio/dataconnect`
E0908 18:39:09.838900    9391 watch.go:31] Failed to load config from "/home/user/studio/dataconnect": could not find dataconnect.yaml in `/home/user/studio/dataconnect`
E0908 18:39:19.830270    9391 watch.go:31] Failed to load config from "/home/user/studio/dataconnect": could not find dataconnect.yaml in `/home/user/studio/dataconnect`
E0908 18:39:29.836333    9391 watch.go:31] Failed to load config from "/home/user/studio/dataconnect": could not find dataconnect.yaml in `/home/user/studio/dataconnect`
E0908 18:39:39.829861    9391 watch.go:31] Failed to load config from "/home/user/studio/dataconnect": could not find dataconnect.yaml in `/home/user/studio/dataconnect`
E0908 18:39:49.830206    9391 watch.go:31] Failed to load config from "/home/user/studio/dataconnect": could not find dataconnect.yaml in `/home/user/studio/dataconnect`
E0908 18:39:59.834237    9391 watch.go:31] Failed to load config from "/home/user/studio/dataconnect": could not find dataconnect.yaml in `/home/user/studio/dataconnect`
E0908 18:40:09.829452    9391 watch.go:31] Failed to load config from "/home/user/studio/dataconnect": could not find dataconnect.yaml in `/home/user/studio/dataconnect`
E0908 18:40:19.829840    9391 watch.go:31] Failed to load config from "/home/user/studio/dataconnect": could not find dataconnect.yaml in `/home/user/studio/dataconnect`
E0908 18:40:19.829929    9391 watch.go:102] watchAllDir unable to walk dir `/home/user/studio/dataconnect`: lstat /home/user/studio/dataconnect: no such file or directory
E0908 18:40:29.835949    9391 watch.go:31] Failed to load config from "/home/user/studio/dataconnect": could not find dataconnect.yaml in `/home/user/studio/dataconnect`
E0908 18:40:39.835940    9391 watch.go:31] Failed to load config from "/home/user/studio/dataconnect": could not find dataconnect.yaml in `/home/user/studio/dataconnect`
E0908 18:40:49.830260    9391 watch.go:31] Failed to load config from "/home/user/studio/dataconnect": could not find dataconnect.yaml in `/home/user/studio/dataconnect`
E0908 18:40:59.838554    9391 watch.go:31] Failed to load config from "/home/user/studio/dataconnect": could not find dataconnect.yaml in `/home/user/studio/dataconnect`
E0908 18:41:09.838778    9391 watch.go:31] Failed to load config from "/home/user/studio/dataconnect": could not find dataconnect.yaml in `/home/user/studio/dataconnect`
E0908 18:41:19.830235    9391 watch.go:31] Failed to load config from "/home/user/studio/dataconnect": could not find dataconnect.yaml in `/home/user/studio/dataconnect`
E0908 18:41:29.838499    9391 watch.go:31] Failed to load config from "/home/user/studio/dataconnect": could not find dataconnect.yaml in `/home/user/studio/dataconnect`
E0908 18:41:39.836052    9391 watch.go:31] Failed to load config from "/home/user/studio/dataconnect": could not find dataconnect.yaml in `/home/user/studio/dataconnect`
E0908 18:41:49.829428    9391 watch.go:31] Failed to load config from "/home/user/studio/dataconnect": could not find dataconnect.yaml in `/home/user/studio/dataconnect`
E0908 18:41:59.838952    9391 watch.go:31] Failed to load config from "/home/user/studio/dataconnect": could not find dataconnect.yaml in `/home/user/studio/dataconnect`
E0908 18:42:09.839087    9391 watch.go:31] Failed to load config from "/home/user/studio/dataconnect": could not find dataconnect.yaml in `/home/user/studio/dataconnect`
E0908 18:42:19.829398    9391 watch.go:31] Failed to load config from "/home/user/studio/dataconnect": could not find dataconnect.yaml in `/home/user/studio/dataconnect`
E0908 18:42:19.829457    9391 watch.go:102] watchAllDir unable to walk dir `/home/user/studio/dataconnect`: lstat /home/user/studio/dataconnect: no such file or directory
E0908 18:42:29.838815    9391 watch.go:31] Failed to load config from "/home/user/studio/dataconnect": could not find dataconnect.yaml in `/home/user/studio/dataconnect`
E0908 18:42:39.835963    9391 watch.go:31] Failed to load config from "/home/user/studio/dataconnect": could not find dataconnect.yaml in `/home/user/studio/dataconnect`
E0908 18:42:49.829303    9391 watch.go:31] Failed to load config from "/home/user/studio/dataconnect": could not find dataconnect.yaml in `/home/user/studio/dataconnect`
E0908 18:42:59.837981    9391 watch.go:31] Failed to load config from "/home/user/studio/dataconnect": could not find dataconnect.yaml in `/home/user/studio/dataconnect`
E0908 18:43:09.838664    9391 watch.go:31] Failed to load config from "/home/user/studio/dataconnect": could not find dataconnect.yaml in `/home/user/studio/dataconnect`
E0908 18:43:19.830078    9391 watch.go:31] Failed to load config from "/home/user/studio/dataconnect": could not find dataconnect.yaml in `/home/user/studio/dataconnect`
E0908 18:43:29.829452    9391 watch.go:31] Failed to load config from "/home/user/studio/dataconnect": could not find dataconnect.yaml in `/home/user/studio/dataconnect`
E0908 18:43:39.829471    9391 watch.go:31] Failed to load config from "/home/user/studio/dataconnect": could not find dataconnect.yaml in `/home/user/studio/dataconnect`
E0908 18:43:49.829865    9391 watch.go:31] Failed to load config from "/home/user/studio/dataconnect": could not find dataconnect.yaml in `/home/user/studio/dataconnect`
E0908 18:43:59.829492    9391 watch.go:31] Failed to load config from "/home/user/studio/dataconnect": could not find dataconnect.yaml in `/home/user/studio/dataconnect`
E0908 18:44:09.838857    9391 watch.go:31] Failed to load config from "/home/user/studio/dataconnect": could not find dataconnect.yaml in `/home/user/studio/dataconnect`
E0908 18:44:19.830230    9391 watch.go:31] Failed to load config from "/home/user/studio/dataconnect": could not find dataconnect.yaml in `/home/user/studio/dataconnect`
E0908 18:44:19.830284    9391 watch.go:102] watchAllDir unable to walk dir `/home/user/studio/dataconnect`: lstat /home/user/studio/dataconnect: no such file or directory
E0908 18:44:29.829437    9391 watch.go:31] Failed to load config from "/home/user/studio/dataconnect": could not find dataconnect.yaml in `/home/user/studio/dataconnect`
E0908 18:44:39.837904    9391 watch.go:31] Failed to load config from "/home/user/studio/dataconnect": could not find dataconnect.yaml in `/home/user/studio/dataconnect`
E0908 18:44:49.830342    9391 watch.go:31] Failed to load config from "/home/user/studio/dataconnect": could not find dataconnect.yaml in `/home/user/studio/dataconnect`
E0908 18:44:59.829916    9391 watch.go:31] Failed to load config from "/home/user/studio/dataconnect": could not find dataconnect.yaml in `/home/user/studio/dataconnect`
E0908 18:45:09.838887    9391 watch.go:31] Failed to load config from "/home/user/studio/dataconnect": could not find dataconnect.yaml in `/home/user/studio/dataconnect`
E0908 18:45:19.829288    9391 watch.go:31] Failed to load config from "/home/user/studio/dataconnect": could not find dataconnect.yaml in `/home/user/studio/dataconnect`
E0908 18:45:29.838604    9391 watch.go:31] Failed to load config from "/home/user/studio/dataconnect": could not find dataconnect.yaml in `/home/user/studio/dataconnect`
E0908 18:45:39.836105    9391 watch.go:31] Failed to load config from "/home/user/studio/dataconnect": could not find dataconnect.yaml in `/home/user/studio/dataconnect`
E0908 18:45:49.830233    9391 watch.go:31] Failed to load config from "/home/user/studio/dataconnect": could not find dataconnect.yaml in `/home/user/studio/dataconnect`
E0908 18:45:59.829968    9391 watch.go:31] Failed to load config from "/home/user/studio/dataconnect": could not find dataconnect.yaml in `/home/user/studio/dataconnect`
E0908 18:46:09.838995    9391 watch.go:31] Failed to load config from "/home/user/studio/dataconnect": could not find dataconnect.yaml in `/home/user/studio/dataconnect`
E0908 18:46:19.829313    9391 watch.go:31] Failed to load config from "/home/user/studio/dataconnect": could not find dataconnect.yaml in `/home/user/studio/dataconnect`
E0908 18:46:19.829375    9391 watch.go:102] watchAllDir unable to walk dir `/home/user/studio/dataconnect`: lstat /home/user/studio/dataconnect: no such file or directory
E0908 18:46:29.838914    9391 watch.go:31] Failed to load config from "/home/user/studio/dataconnect": could not find dataconnect.yaml in `/home/user/studio/dataconnect`
E0908 18:46:39.839074    9391 watch.go:31] Failed to load config from "/home/user/studio/dataconnect": could not find dataconnect.yaml in `/home/user/studio/dataconnect`
E0908 18:46:49.830198    9391 watch.go:31] Failed to load config from "/home/user/studio/dataconnect": could not find dataconnect.yaml in `/home/user/studio/dataconnect`
E0908 18:46:59.838495    9391 watch.go:31] Failed to load config from "/home/user/studio/dataconnect": could not find dataconnect.yaml in `/home/user/studio/dataconnect`
E0908 18:47:09.838694    9391 watch.go:31] Failed to load config from "/home/user/studio/dataconnect": could not find dataconnect.yaml in `/home/user/studio/dataconnect`
E0908 18:47:19.829809    9391 watch.go:31] Failed to load config from "/home/user/studio/dataconnect": could not find dataconnect.yaml in `/home/user/studio/dataconnect`
E0908 18:47:29.839081    9391 watch.go:31] Failed to load config from "/home/user/studio/dataconnect": could not find dataconnect.yaml in `/home/user/studio/dataconnect`
E0908 18:47:39.831252    9391 watch.go:31] Failed to load config from "/home/user/studio/dataconnect": could not find dataconnect.yaml in `/home/user/studio/dataconnect`
E0908 18:47:49.829627    9391 watch.go:31] Failed to load config from "/home/user/studio/dataconnect": could not find dataconnect.yaml in `/home/user/studio/dataconnect`
E0908 18:47:59.837909    9391 watch.go:31] Failed to load config from "/home/user/studio/dataconnect": could not find dataconnect.yaml in `/home/user/studio/dataconnect`
E0908 18:48:09.829885    9391 watch.go:31] Failed to load config from "/home/user/studio/dataconnect": could not find dataconnect.yaml in `/home/user/studio/dataconnect`
E0908 18:48:19.830222    9391 watch.go:31] Failed to load config from "/home/user/studio/dataconnect": could not find dataconnect.yaml in `/home/user/studio/dataconnect`
E0908 18:48:19.830278    9391 watch.go:102] watchAllDir unable to walk dir `/home/user/studio/dataconnect`: lstat /home/user/studio/dataconnect: no such file or directory
E0908 18:48:29.829473    9391 watch.go:31] Failed to load config from "/home/user/studio/dataconnect": could not find dataconnect.yaml in `/home/user/studio/dataconnect`
E0908 18:48:39.839023    9391 watch.go:31] Failed to load config from "/home/user/studio/dataconnect": could not find dataconnect.yaml in `/home/user/studio/dataconnect`
E0908 18:48:49.829291    9391 watch.go:31] Failed to load config from "/home/user/studio/dataconnect": could not find dataconnect.yaml in `/home/user/studio/dataconnect`
E0908 18:48:59.837910    9391 watch.go:31] Failed to load config from "/home/user/studio/dataconnect": could not find dataconnect.yaml in `/home/user/studio/dataconnect`
E0908 18:49:09.833005    9391 watch.go:31] Failed to load config from "/home/user/studio/dataconnect": could not find dataconnect.yaml in `/home/user/studio/dataconnect`
E0908 18:49:19.829312    9391 watch.go:31] Failed to load config from "/home/user/studio/dataconnect": could not find dataconnect.yaml in `/home/user/studio/dataconnect`
E0908 18:49:29.829455    9391 watch.go:31] Failed to load config from "/home/user/studio/dataconnect": could not find dataconnect.yaml in `/home/user/studio/dataconnect`
E0908 18:49:39.832273    9391 watch.go:31] Failed to load config from "/home/user/studio/dataconnect": could not find dataconnect.yaml in `/home/user/studio/dataconnect`
E0908 18:49:49.829352    9391 watch.go:31] Failed to load config from "/home/user/studio/dataconnect": could not find dataconnect.yaml in `/home/user/studio/dataconnect`
E0908 18:49:59.829445    9391 watch.go:31] Failed to load config from "/home/user/studio/dataconnect": could not find dataconnect.yaml in `/home/user/studio/dataconnect`
E0908 18:50:09.832601    9391 watch.go:31] Failed to load config from "/home/user/studio/dataconnect": could not find dataconnect.yaml in `/home/user/studio/dataconnect`
E0908 18:50:19.829425    9391 watch.go:31] Failed to load config from "/home/user/studio/dataconnect": could not find dataconnect.yaml in `/home/user/studio/dataconnect`
E0908 18:50:19.829489    9391 watch.go:102] watchAllDir unable to walk dir `/home/user/studio/dataconnect`: lstat /home/user/studio/dataconnect: no such file or directory
E0908 18:50:29.829459    9391 watch.go:31] Failed to load config from "/home/user/studio/dataconnect": could not find dataconnect.yaml in `/home/user/studio/dataconnect`
E0908 18:50:39.835537    9391 watch.go:31] Failed to load config from "/home/user/studio/dataconnect": could not find dataconnect.yaml in `/home/user/studio/dataconnect`
E0908 18:50:49.830249    9391 watch.go:31] Failed to load config from "/home/user/studio/dataconnect": could not find dataconnect.yaml in `/home/user/studio/dataconnect`
E0908 18:50:59.838903    9391 watch.go:31] Failed to load config from "/home/user/studio/dataconnect": could not find dataconnect.yaml in `/home/user/studio/dataconnect`
E0908 18:51:09.839076    9391 watch.go:31] Failed to load config from "/home/user/studio/dataconnect": could not find dataconnect.yaml in `/home/user/studio/dataconnect`
E0908 18:51:19.829373    9391 watch.go:31] Failed to load config from "/home/user/studio/dataconnect": could not find dataconnect.yaml in `/home/user/studio/dataconnect`
E0908 18:51:29.833277    9391 watch.go:31] Failed to load config from "/home/user/studio/dataconnect": could not find dataconnect.yaml in `/home/user/studio/dataconnect`
E0908 18:51:39.838418    9391 watch.go:31] Failed to load config from "/home/user/studio/dataconnect": could not find dataconnect.yaml in `/home/user/studio/dataconnect`
E0908 18:51:49.830227    9391 watch.go:31] Failed to load config from "/home/user/studio/dataconnect": could not find dataconnect.yaml in `/home/user/studio/dataconnect`
E0908 18:51:59.838534    9391 watch.go:31] Failed to load config from "/home/user/studio/dataconnect": could not find dataconnect.yaml in `/home/user/studio/dataconnect`
E0908 18:52:09.829456    9391 watch.go:31] Failed to load config from "/home/user/studio/dataconnect": could not find dataconnect.yaml in `/home/user/studio/dataconnect`
E0908 18:52:19.829797    9391 watch.go:31] Failed to load config from "/home/user/studio/dataconnect": could not find dataconnect.yaml in `/home/user/studio/dataconnect`
E0908 18:52:19.829902    9391 watch.go:102] watchAllDir unable to walk dir `/home/user/studio/dataconnect`: lstat /home/user/studio/dataconnect: no such file or directory
E0908 18:52:29.829419    9391 watch.go:31] Failed to load config from "/home/user/studio/dataconnect": could not find dataconnect.yaml in `/home/user/studio/dataconnect`
E0908 18:52:39.829388    9391 watch.go:31] Failed to load config from "/home/user/studio/dataconnect": could not find dataconnect.yaml in `/home/user/studio/dataconnect`
E0908 18:52:49.829778    9391 watch.go:31] Failed to load config from "/home/user/studio/dataconnect": could not find dataconnect.yaml in `/home/user/studio/dataconnect`
E0908 18:52:59.836017    9391 watch.go:31] Failed to load config from "/home/user/studio/dataconnect": could not find dataconnect.yaml in `/home/user/studio/dataconnect`
E0908 18:53:09.839174    9391 watch.go:31] Failed to load config from "/home/user/studio/dataconnect": could not find dataconnect.yaml in `/home/user/studio/dataconnect`
E0908 18:53:19.829554    9391 watch.go:31] Failed to load config from "/home/user/studio/dataconnect": could not find dataconnect.yaml in `/home/user/studio/dataconnect`
E0908 18:53:29.838885    9391 watch.go:31] Failed to load config from "/home/user/studio/dataconnect": could not find dataconnect.yaml in `/home/user/studio/dataconnect`
E0908 18:53:39.839091    9391 watch.go:31] Failed to load config from "/home/user/studio/dataconnect": could not find dataconnect.yaml in `/home/user/studio/dataconnect`
E0908 18:53:49.829355    9391 watch.go:31] Failed to load config from "/home/user/studio/dataconnect": could not find dataconnect.yaml in `/home/user/studio/dataconnect`
E0908 18:53:59.830249    9391 watch.go:31] Failed to load config from "/home/user/studio/dataconnect": could not find dataconnect.yaml in `/home/user/studio/dataconnect`
E0908 18:54:09.829472    9391 watch.go:31] Failed to load config from "/home/user/studio/dataconnect": could not find dataconnect.yaml in `/home/user/studio/dataconnect`
E0908 18:54:19.829285    9391 watch.go:31] Failed to load config from "/home/user/studio/dataconnect": could not find dataconnect.yaml in `/home/user/studio/dataconnect`
E0908 18:54:19.829344    9391 watch.go:102] watchAllDir unable to walk dir `/home/user/studio/dataconnect`: lstat /home/user/studio/dataconnect: no such file or directory
E0908 18:54:29.829906    9391 watch.go:31] Failed to load config from "/home/user/studio/dataconnect": could not find dataconnect.yaml in `/home/user/studio/dataconnect`
E0908 18:54:39.829440    9391 watch.go:31] Failed to load config from "/home/user/studio/dataconnect": could not find dataconnect.yaml in `/home/user/studio/dataconnect`
E0908 18:54:49.830188    9391 watch.go:31] Failed to load config from "/home/user/studio/dataconnect": could not find dataconnect.yaml in `/home/user/studio/dataconnect`
E0908 18:54:59.833900    9391 watch.go:31] Failed to load config from "/home/user/studio/dataconnect": could not find dataconnect.yaml in `/home/user/studio/dataconnect`
E0908 18:55:09.829381    9391 watch.go:31] Failed to load config from "/home/user/studio/dataconnect": could not find dataconnect.yaml in `/home/user/studio/dataconnect`
E0908 18:55:19.830230    9391 watch.go:31] Failed to load config from "/home/user/studio/dataconnect": could not find dataconnect.yaml in `/home/user/studio/dataconnect`
E0908 18:55:29.838515    9391 watch.go:31] Failed to load config from "/home/user/studio/dataconnect": could not find dataconnect.yaml in `/home/user/studio/dataconnect`
E0908 18:55:39.835968    9391 watch.go:31] Failed to load config from "/home/user/studio/dataconnect": could not find dataconnect.yaml in `/home/user/studio/dataconnect`
E0908 18:55:49.830147    9391 watch.go:31] Failed to load config from "/home/user/studio/dataconnect": could not find dataconnect.yaml in `/home/user/studio/dataconnect`
E0908 18:55:59.837906    9391 watch.go:31] Failed to load config from "/home/user/studio/dataconnect": could not find dataconnect.yaml in `/home/user/studio/dataconnect`
E0908 18:56:09.838865    9391 watch.go:31] Failed to load config from "/home/user/studio/dataconnect": could not find dataconnect.yaml in `/home/user/studio/dataconnect`
E0908 18:56:19.830189    9391 watch.go:31] Failed to load config from "/home/user/studio/dataconnect": could not find dataconnect.yaml in `/home/user/studio/dataconnect`
E0908 18:56:19.830249    9391 watch.go:102] watchAllDir unable to walk dir `/home/user/studio/dataconnect`: lstat /home/user/studio/dataconnect: no such file or directory
