[debug] [2025-09-07T02:08:53.997Z] [Firebase Plugin] Activating Firebase extension.
[debug] [2025-09-07T02:08:59.761Z] [Firebase Plugin] requireAuthWrapper
[debug] [2025-09-07T02:08:59.763Z] > command requires scopes: ["email","openid","https://www.googleapis.com/auth/cloudplatformprojects.readonly","https://www.googleapis.com/auth/firebase","https://www.googleapis.com/auth/cloud-platform","https://www.googleapis.com/auth/userinfo.email"]
[debug] [2025-09-07T02:08:59.764Z] > authorizing via signed-in user (rob.brasco@priorityautomotive.com)
[debug] [2025-09-07T02:08:59.769Z] Checked if tokens are valid: true, expires at: 1757213622017
[debug] [2025-09-07T02:08:59.770Z] Checked if tokens are valid: true, expires at: 1757213622017
[debug] [2025-09-07T02:08:59.771Z] [Firebase Plugin] User found:  rob.brasco@priorityautomotive.com
[info] [Firebase Plugin] (Core:Project) New user detected, fetching projects
[debug] [2025-09-07T02:08:59.773Z] Checked if tokens are valid: true, expires at: 1757213622017
[debug] [2025-09-07T02:08:59.775Z] >>> [apiv2][query] GET https://firebase.googleapis.com/v1beta1/projects pageSize=1000
[debug] [2025-09-07T02:08:59.831Z] [Firebase Plugin] VSCode notification server listening on port 40001
[info] [Firebase Plugin] Starting Data Connect toolkit (version 2.12.0) on port 50001
[info] i  dataconnect: downloading dataconnect-emulator-2.12.0... {"metadata":{"emulator":{"name":"dataconnect"},"message":"downloading dataconnect-emulator-2.12.0..."}}
[debug] [2025-09-07T02:09:00.999Z] >>> [apiv2][query] GET https://storage.googleapis.com/firemat-preview-drop/emulator/dataconnect-emulator-linux-v2.12.0 
[debug] [2025-09-07T02:09:01.090Z] <<< [apiv2][status] GET https://firebase.googleapis.com/v1beta1/projects 200
[debug] [2025-09-07T02:09:01.090Z] <<< [apiv2][body] GET https://firebase.googleapis.com/v1beta1/projects [omitted]
[debug] [2025-09-07T02:09:01.160Z] <<< [apiv2][status] GET https://storage.googleapis.com/firemat-preview-drop/emulator/dataconnect-emulator-linux-v2.12.0 200
[debug] [2025-09-07T02:09:01.161Z] <<< [apiv2][body] GET https://storage.googleapis.com/firemat-preview-drop/emulator/dataconnect-emulator-linux-v2.12.0 [stream]
[debug] [2025-09-07T02:09:02.323Z] 'fdc build' failed with error: Unable to build your Data Connect schema and connectors (exit code 1): E0907 02:09:02.320133    6022 cmd.go:43] Error loading data connect config: could not find dataconnect.yaml in `/home/user/studio/dataconnect`
 {"metadata":{"emulator":{"name":"dataconnect"},"message":"'fdc build' failed with error: Unable to build your Data Connect schema and connectors (exit code 1): E0907 02:09:02.320133    6022 cmd.go:43] Error loading data connect config: could not find dataconnect.yaml in `/home/user/studio/dataconnect`\n"}}
[debug] [2025-09-07T02:09:02.325Z] Ignoring unsupported arg: auto_download {"metadata":{"emulator":{"name":"dataconnect"},"message":"Ignoring unsupported arg: auto_download"}}
[debug] [2025-09-07T02:09:02.326Z] Ignoring unsupported arg: port {"metadata":{"emulator":{"name":"dataconnect"},"message":"Ignoring unsupported arg: port"}}
[debug] [2025-09-07T02:09:02.326Z] Starting Data Connect Emulator with command {"binary":"/home/user/.cache/firebase/emulators/dataconnect-emulator-2.12.0","args":["--logtostderr","-v=2","dev","--listen=localhost:50001","--config_dir=/home/user/studio/dataconnect","--enable_output_schema_extensions=true","--enable_output_generated_sdk=true"],"optionalArgs":["listen","config_dir","enable_output_schema_extensions","enable_output_generated_sdk"],"joinArgs":true,"shell":false,"port":9399} {"metadata":{"emulator":{"name":"dataconnect"},"message":"Starting Data Connect Emulator with command {\"binary\":\"/home/user/.cache/firebase/emulators/dataconnect-emulator-2.12.0\",\"args\":[\"--logtostderr\",\"-v=2\",\"dev\",\"--listen=localhost:50001\",\"--config_dir=/home/user/studio/dataconnect\",\"--enable_output_schema_extensions=true\",\"--enable_output_generated_sdk=true\"],\"optionalArgs\":[\"listen\",\"config_dir\",\"enable_output_schema_extensions\",\"enable_output_generated_sdk\"],\"joinArgs\":true,\"shell\":false,\"port\":9399}"}}
[info] i  dataconnect: Data Connect Emulator logging to dataconnect-debug.log {"metadata":{"emulator":{"name":"dataconnect"},"message":"Data Connect Emulator logging to dataconnect-debug.log"}}
[debug] [2025-09-07T02:09:02.398Z] E0907 02:09:02.398396    6028 dev.go:79] Failed to load initial config from "/home/user/studio/dataconnect": could not find dataconnect.yaml in `/home/user/studio/dataconnect`
 {"metadata":{"emulator":{"name":"dataconnect"},"message":"E0907 02:09:02.398396    6028 dev.go:79] Failed to load initial config from \"/home/user/studio/dataconnect\": could not find dataconnect.yaml in `/home/user/studio/dataconnect`\n"}}
[debug] [2025-09-07T02:09:02.401Z] E0907 02:09:02.399798    6028 watch.go:102] watchAllDir unable to walk dir `/home/user/studio/dataconnect`: lstat /home/user/studio/dataconnect: no such file or directory
 {"metadata":{"emulator":{"name":"dataconnect"},"message":"E0907 02:09:02.399798    6028 watch.go:102] watchAllDir unable to walk dir `/home/user/studio/dataconnect`: lstat /home/user/studio/dataconnect: no such file or directory\n"}}
[debug] [2025-09-07T02:09:02.416Z] I0907 02:09:02.415051    6028 dev.go:102] Listening on address (HTTP + gRPC): 127.0.0.1:50001
 {"metadata":{"emulator":{"name":"dataconnect"},"message":"I0907 02:09:02.415051    6028 dev.go:102] Listening on address (HTTP + gRPC): 127.0.0.1:50001\n"}}
[error] [Firebase Plugin] error:  {}
[debug] [2025-09-07T02:09:12.405Z] E0907 02:09:12.404066    6028 watch.go:31] Failed to load config from "/home/user/studio/dataconnect": could not find dataconnect.yaml in `/home/user/studio/dataconnect`
 {"metadata":{"emulator":{"name":"dataconnect"},"message":"E0907 02:09:12.404066    6028 watch.go:31] Failed to load config from \"/home/user/studio/dataconnect\": could not find dataconnect.yaml in `/home/user/studio/dataconnect`\n"}}
[debug] [2025-09-07T02:09:22.409Z] E0907 02:09:22.409151    6028 watch.go:31] Failed to load config from "/home/user/studio/dataconnect": could not find dataconnect.yaml in `/home/user/studio/dataconnect`
 {"metadata":{"emulator":{"name":"dataconnect"},"message":"E0907 02:09:22.409151    6028 watch.go:31] Failed to load config from \"/home/user/studio/dataconnect\": could not find dataconnect.yaml in `/home/user/studio/dataconnect`\n"}}
[debug] [2025-09-07T02:09:32.400Z] E0907 02:09:32.400442    6028 watch.go:31] Failed to load config from "/home/user/studio/dataconnect": could not find dataconnect.yaml in `/home/user/studio/dataconnect`
 {"metadata":{"emulator":{"name":"dataconnect"},"message":"E0907 02:09:32.400442    6028 watch.go:31] Failed to load config from \"/home/user/studio/dataconnect\": could not find dataconnect.yaml in `/home/user/studio/dataconnect`\n"}}
[debug] [2025-09-07T02:09:42.409Z] E0907 02:09:42.409044    6028 watch.go:31] Failed to load config from "/home/user/studio/dataconnect": could not find dataconnect.yaml in `/home/user/studio/dataconnect`
 {"metadata":{"emulator":{"name":"dataconnect"},"message":"E0907 02:09:42.409044    6028 watch.go:31] Failed to load config from \"/home/user/studio/dataconnect\": could not find dataconnect.yaml in `/home/user/studio/dataconnect`\n"}}
[debug] [2025-09-07T02:09:52.412Z] E0907 02:09:52.409463    6028 watch.go:31] Failed to load config from "/home/user/studio/dataconnect": could not find dataconnect.yaml in `/home/user/studio/dataconnect`
 {"metadata":{"emulator":{"name":"dataconnect"},"message":"E0907 02:09:52.409463    6028 watch.go:31] Failed to load config from \"/home/user/studio/dataconnect\": could not find dataconnect.yaml in `/home/user/studio/dataconnect`\n"}}
[debug] [2025-09-07T02:10:02.400Z] E0907 02:10:02.400500    6028 watch.go:31] Failed to load config from "/home/user/studio/dataconnect": could not find dataconnect.yaml in `/home/user/studio/dataconnect`
 {"metadata":{"emulator":{"name":"dataconnect"},"message":"E0907 02:10:02.400500    6028 watch.go:31] Failed to load config from \"/home/user/studio/dataconnect\": could not find dataconnect.yaml in `/home/user/studio/dataconnect`\n"}}
[debug] [2025-09-07T02:10:12.409Z] E0907 02:10:12.409105    6028 watch.go:31] Failed to load config from "/home/user/studio/dataconnect": could not find dataconnect.yaml in `/home/user/studio/dataconnect`
 {"metadata":{"emulator":{"name":"dataconnect"},"message":"E0907 02:10:12.409105    6028 watch.go:31] Failed to load config from \"/home/user/studio/dataconnect\": could not find dataconnect.yaml in `/home/user/studio/dataconnect`\n"}}
[debug] [2025-09-07T02:10:22.409Z] E0907 02:10:22.409053    6028 watch.go:31] Failed to load config from "/home/user/studio/dataconnect": could not find dataconnect.yaml in `/home/user/studio/dataconnect`
 {"metadata":{"emulator":{"name":"dataconnect"},"message":"E0907 02:10:22.409053    6028 watch.go:31] Failed to load config from \"/home/user/studio/dataconnect\": could not find dataconnect.yaml in `/home/user/studio/dataconnect`\n"}}
[debug] [2025-09-07T02:10:32.400Z] E0907 02:10:32.400453    6028 watch.go:31] Failed to load config from "/home/user/studio/dataconnect": could not find dataconnect.yaml in `/home/user/studio/dataconnect`
 {"metadata":{"emulator":{"name":"dataconnect"},"message":"E0907 02:10:32.400453    6028 watch.go:31] Failed to load config from \"/home/user/studio/dataconnect\": could not find dataconnect.yaml in `/home/user/studio/dataconnect`\n"}}
[debug] [2025-09-07T02:10:42.407Z] E0907 02:10:42.407243    6028 watch.go:31] Failed to load config from "/home/user/studio/dataconnect": could not find dataconnect.yaml in `/home/user/studio/dataconnect`
 {"metadata":{"emulator":{"name":"dataconnect"},"message":"E0907 02:10:42.407243    6028 watch.go:31] Failed to load config from \"/home/user/studio/dataconnect\": could not find dataconnect.yaml in `/home/user/studio/dataconnect`\n"}}
[debug] [2025-09-07T02:10:52.409Z] E0907 02:10:52.409058    6028 watch.go:31] Failed to load config from "/home/user/studio/dataconnect": could not find dataconnect.yaml in `/home/user/studio/dataconnect`
 {"metadata":{"emulator":{"name":"dataconnect"},"message":"E0907 02:10:52.409058    6028 watch.go:31] Failed to load config from \"/home/user/studio/dataconnect\": could not find dataconnect.yaml in `/home/user/studio/dataconnect`\n"}}
[debug] [2025-09-07T02:11:02.400Z] E0907 02:11:02.400355    6028 watch.go:31] Failed to load config from "/home/user/studio/dataconnect": could not find dataconnect.yaml in `/home/user/studio/dataconnect`
E0907 02:11:02.400417    6028 watch.go:102] watchAllDir unable to walk dir `/home/user/studio/dataconnect`: lstat /home/user/studio/dataconnect: no such file or directory
 {"metadata":{"emulator":{"name":"dataconnect"},"message":"E0907 02:11:02.400355    6028 watch.go:31] Failed to load config from \"/home/user/studio/dataconnect\": could not find dataconnect.yaml in `/home/user/studio/dataconnect`\nE0907 02:11:02.400417    6028 watch.go:102] watchAllDir unable to walk dir `/home/user/studio/dataconnect`: lstat /home/user/studio/dataconnect: no such file or directory\n"}}
[debug] [2025-09-07T02:11:12.400Z] E0907 02:11:12.400251    6028 watch.go:31] Failed to load config from "/home/user/studio/dataconnect": could not find dataconnect.yaml in `/home/user/studio/dataconnect`
 {"metadata":{"emulator":{"name":"dataconnect"},"message":"E0907 02:11:12.400251    6028 watch.go:31] Failed to load config from \"/home/user/studio/dataconnect\": could not find dataconnect.yaml in `/home/user/studio/dataconnect`\n"}}
[debug] [2025-09-07T02:11:22.400Z] E0907 02:11:22.400324    6028 watch.go:31] Failed to load config from "/home/user/studio/dataconnect": could not find dataconnect.yaml in `/home/user/studio/dataconnect`
 {"metadata":{"emulator":{"name":"dataconnect"},"message":"E0907 02:11:22.400324    6028 watch.go:31] Failed to load config from \"/home/user/studio/dataconnect\": could not find dataconnect.yaml in `/home/user/studio/dataconnect`\n"}}
[debug] [2025-09-07T02:11:32.400Z] E0907 02:11:32.400439    6028 watch.go:31] Failed to load config from "/home/user/studio/dataconnect": could not find dataconnect.yaml in `/home/user/studio/dataconnect`
 {"metadata":{"emulator":{"name":"dataconnect"},"message":"E0907 02:11:32.400439    6028 watch.go:31] Failed to load config from \"/home/user/studio/dataconnect\": could not find dataconnect.yaml in `/home/user/studio/dataconnect`\n"}}
[debug] [2025-09-07T02:11:42.409Z] E0907 02:11:42.409055    6028 watch.go:31] Failed to load config from "/home/user/studio/dataconnect": could not find dataconnect.yaml in `/home/user/studio/dataconnect`
 {"metadata":{"emulator":{"name":"dataconnect"},"message":"E0907 02:11:42.409055    6028 watch.go:31] Failed to load config from \"/home/user/studio/dataconnect\": could not find dataconnect.yaml in `/home/user/studio/dataconnect`\n"}}
[debug] [2025-09-07T02:11:52.410Z] E0907 02:11:52.410050    6028 watch.go:31] Failed to load config from "/home/user/studio/dataconnect": could not find dataconnect.yaml in `/home/user/studio/dataconnect`
 {"metadata":{"emulator":{"name":"dataconnect"},"message":"E0907 02:11:52.410050    6028 watch.go:31] Failed to load config from \"/home/user/studio/dataconnect\": could not find dataconnect.yaml in `/home/user/studio/dataconnect`\n"}}
[debug] [2025-09-07T02:12:02.401Z] E0907 02:12:02.400090    6028 watch.go:31] Failed to load config from "/home/user/studio/dataconnect": could not find dataconnect.yaml in `/home/user/studio/dataconnect`
 {"metadata":{"emulator":{"name":"dataconnect"},"message":"E0907 02:12:02.400090    6028 watch.go:31] Failed to load config from \"/home/user/studio/dataconnect\": could not find dataconnect.yaml in `/home/user/studio/dataconnect`\n"}}
[debug] [2025-09-07T02:12:12.493Z] E0907 02:12:12.409313    6028 watch.go:31] Failed to load config from "/home/user/studio/dataconnect": could not find dataconnect.yaml in `/home/user/studio/dataconnect`
 {"metadata":{"emulator":{"name":"dataconnect"},"message":"E0907 02:12:12.409313    6028 watch.go:31] Failed to load config from \"/home/user/studio/dataconnect\": could not find dataconnect.yaml in `/home/user/studio/dataconnect`\n"}}
[debug] [2025-09-07T02:12:22.409Z] E0907 02:12:22.409162    6028 watch.go:31] Failed to load config from "/home/user/studio/dataconnect": could not find dataconnect.yaml in `/home/user/studio/dataconnect`
 {"metadata":{"emulator":{"name":"dataconnect"},"message":"E0907 02:12:22.409162    6028 watch.go:31] Failed to load config from \"/home/user/studio/dataconnect\": could not find dataconnect.yaml in `/home/user/studio/dataconnect`\n"}}
[debug] [2025-09-07T02:12:32.402Z] E0907 02:12:32.400645    6028 watch.go:31] Failed to load config from "/home/user/studio/dataconnect": could not find dataconnect.yaml in `/home/user/studio/dataconnect`
 {"metadata":{"emulator":{"name":"dataconnect"},"message":"E0907 02:12:32.400645    6028 watch.go:31] Failed to load config from \"/home/user/studio/dataconnect\": could not find dataconnect.yaml in `/home/user/studio/dataconnect`\n"}}
[debug] [2025-09-07T02:12:42.409Z] E0907 02:12:42.409081    6028 watch.go:31] Failed to load config from "/home/user/studio/dataconnect": could not find dataconnect.yaml in `/home/user/studio/dataconnect`
 {"metadata":{"emulator":{"name":"dataconnect"},"message":"E0907 02:12:42.409081    6028 watch.go:31] Failed to load config from \"/home/user/studio/dataconnect\": could not find dataconnect.yaml in `/home/user/studio/dataconnect`\n"}}
[debug] [2025-09-07T02:12:52.409Z] E0907 02:12:52.409125    6028 watch.go:31] Failed to load config from "/home/user/studio/dataconnect": could not find dataconnect.yaml in `/home/user/studio/dataconnect`
 {"metadata":{"emulator":{"name":"dataconnect"},"message":"E0907 02:12:52.409125    6028 watch.go:31] Failed to load config from \"/home/user/studio/dataconnect\": could not find dataconnect.yaml in `/home/user/studio/dataconnect`\n"}}
[debug] [2025-09-07T02:13:02.400Z] E0907 02:13:02.400454    6028 watch.go:31] Failed to load config from "/home/user/studio/dataconnect": could not find dataconnect.yaml in `/home/user/studio/dataconnect`
E0907 02:13:02.400515    6028 watch.go:102] watchAllDir unable to walk dir `/home/user/studio/dataconnect`: lstat /home/user/studio/dataconnect: no such file or directory
 {"metadata":{"emulator":{"name":"dataconnect"},"message":"E0907 02:13:02.400454    6028 watch.go:31] Failed to load config from \"/home/user/studio/dataconnect\": could not find dataconnect.yaml in `/home/user/studio/dataconnect`\nE0907 02:13:02.400515    6028 watch.go:102] watchAllDir unable to walk dir `/home/user/studio/dataconnect`: lstat /home/user/studio/dataconnect: no such file or directory\n"}}
[debug] [2025-09-07T02:13:12.410Z] E0907 02:13:12.409794    6028 watch.go:31] Failed to load config from "/home/user/studio/dataconnect": could not find dataconnect.yaml in `/home/user/studio/dataconnect`
 {"metadata":{"emulator":{"name":"dataconnect"},"message":"E0907 02:13:12.409794    6028 watch.go:31] Failed to load config from \"/home/user/studio/dataconnect\": could not find dataconnect.yaml in `/home/user/studio/dataconnect`\n"}}
[debug] [2025-09-07T02:13:22.401Z] E0907 02:13:22.400687    6028 watch.go:31] Failed to load config from "/home/user/studio/dataconnect": could not find dataconnect.yaml in `/home/user/studio/dataconnect`
 {"metadata":{"emulator":{"name":"dataconnect"},"message":"E0907 02:13:22.400687    6028 watch.go:31] Failed to load config from \"/home/user/studio/dataconnect\": could not find dataconnect.yaml in `/home/user/studio/dataconnect`\n"}}
[debug] [2025-09-07T02:13:32.400Z] E0907 02:13:32.400342    6028 watch.go:31] Failed to load config from "/home/user/studio/dataconnect": could not find dataconnect.yaml in `/home/user/studio/dataconnect`
 {"metadata":{"emulator":{"name":"dataconnect"},"message":"E0907 02:13:32.400342    6028 watch.go:31] Failed to load config from \"/home/user/studio/dataconnect\": could not find dataconnect.yaml in `/home/user/studio/dataconnect`\n"}}
[debug] [2025-09-07T02:13:42.410Z] E0907 02:13:42.410014    6028 watch.go:31] Failed to load config from "/home/user/studio/dataconnect": could not find dataconnect.yaml in `/home/user/studio/dataconnect`
 {"metadata":{"emulator":{"name":"dataconnect"},"message":"E0907 02:13:42.410014    6028 watch.go:31] Failed to load config from \"/home/user/studio/dataconnect\": could not find dataconnect.yaml in `/home/user/studio/dataconnect`\n"}}
[debug] [2025-09-07T02:13:52.409Z] E0907 02:13:52.409041    6028 watch.go:31] Failed to load config from "/home/user/studio/dataconnect": could not find dataconnect.yaml in `/home/user/studio/dataconnect`
 {"metadata":{"emulator":{"name":"dataconnect"},"message":"E0907 02:13:52.409041    6028 watch.go:31] Failed to load config from \"/home/user/studio/dataconnect\": could not find dataconnect.yaml in `/home/user/studio/dataconnect`\n"}}
[debug] [2025-09-07T02:14:02.400Z] E0907 02:14:02.400269    6028 watch.go:31] Failed to load config from "/home/user/studio/dataconnect": could not find dataconnect.yaml in `/home/user/studio/dataconnect`
 {"metadata":{"emulator":{"name":"dataconnect"},"message":"E0907 02:14:02.400269    6028 watch.go:31] Failed to load config from \"/home/user/studio/dataconnect\": could not find dataconnect.yaml in `/home/user/studio/dataconnect`\n"}}
[debug] [2025-09-07T02:14:12.409Z] E0907 02:14:12.409205    6028 watch.go:31] Failed to load config from "/home/user/studio/dataconnect": could not find dataconnect.yaml in `/home/user/studio/dataconnect`
 {"metadata":{"emulator":{"name":"dataconnect"},"message":"E0907 02:14:12.409205    6028 watch.go:31] Failed to load config from \"/home/user/studio/dataconnect\": could not find dataconnect.yaml in `/home/user/studio/dataconnect`\n"}}
[debug] [2025-09-07T02:14:22.409Z] E0907 02:14:22.409244    6028 watch.go:31] Failed to load config from "/home/user/studio/dataconnect": could not find dataconnect.yaml in `/home/user/studio/dataconnect`
 {"metadata":{"emulator":{"name":"dataconnect"},"message":"E0907 02:14:22.409244    6028 watch.go:31] Failed to load config from \"/home/user/studio/dataconnect\": could not find dataconnect.yaml in `/home/user/studio/dataconnect`\n"}}
[debug] [2025-09-07T02:14:32.401Z] E0907 02:14:32.400539    6028 watch.go:31] Failed to load config from "/home/user/studio/dataconnect": could not find dataconnect.yaml in `/home/user/studio/dataconnect`
 {"metadata":{"emulator":{"name":"dataconnect"},"message":"E0907 02:14:32.400539    6028 watch.go:31] Failed to load config from \"/home/user/studio/dataconnect\": could not find dataconnect.yaml in `/home/user/studio/dataconnect`\n"}}
[debug] [2025-09-07T02:14:42.409Z] E0907 02:14:42.409094    6028 watch.go:31] Failed to load config from "/home/user/studio/dataconnect": could not find dataconnect.yaml in `/home/user/studio/dataconnect`
 {"metadata":{"emulator":{"name":"dataconnect"},"message":"E0907 02:14:42.409094    6028 watch.go:31] Failed to load config from \"/home/user/studio/dataconnect\": could not find dataconnect.yaml in `/home/user/studio/dataconnect`\n"}}
[debug] [2025-09-07T02:14:52.409Z] E0907 02:14:52.409101    6028 watch.go:31] Failed to load config from "/home/user/studio/dataconnect": could not find dataconnect.yaml in `/home/user/studio/dataconnect`
 {"metadata":{"emulator":{"name":"dataconnect"},"message":"E0907 02:14:52.409101    6028 watch.go:31] Failed to load config from \"/home/user/studio/dataconnect\": could not find dataconnect.yaml in `/home/user/studio/dataconnect`\n"}}
[debug] [2025-09-07T02:15:02.400Z] E0907 02:15:02.400342    6028 watch.go:31] Failed to load config from "/home/user/studio/dataconnect": could not find dataconnect.yaml in `/home/user/studio/dataconnect`
 {"metadata":{"emulator":{"name":"dataconnect"},"message":"E0907 02:15:02.400342    6028 watch.go:31] Failed to load config from \"/home/user/studio/dataconnect\": could not find dataconnect.yaml in `/home/user/studio/dataconnect`\n"}}
[debug] [2025-09-07T02:15:02.401Z] E0907 02:15:02.400401    6028 watch.go:102] watchAllDir unable to walk dir `/home/user/studio/dataconnect`: lstat /home/user/studio/dataconnect: no such file or directory
 {"metadata":{"emulator":{"name":"dataconnect"},"message":"E0907 02:15:02.400401    6028 watch.go:102] watchAllDir unable to walk dir `/home/user/studio/dataconnect`: lstat /home/user/studio/dataconnect: no such file or directory\n"}}
[debug] [2025-09-07T02:15:12.409Z] E0907 02:15:12.409055    6028 watch.go:31] Failed to load config from "/home/user/studio/dataconnect": could not find dataconnect.yaml in `/home/user/studio/dataconnect`
 {"metadata":{"emulator":{"name":"dataconnect"},"message":"E0907 02:15:12.409055    6028 watch.go:31] Failed to load config from \"/home/user/studio/dataconnect\": could not find dataconnect.yaml in `/home/user/studio/dataconnect`\n"}}
[debug] [2025-09-07T02:15:22.406Z] E0907 02:15:22.406116    6028 watch.go:31] Failed to load config from "/home/user/studio/dataconnect": could not find dataconnect.yaml in `/home/user/studio/dataconnect`
 {"metadata":{"emulator":{"name":"dataconnect"},"message":"E0907 02:15:22.406116    6028 watch.go:31] Failed to load config from \"/home/user/studio/dataconnect\": could not find dataconnect.yaml in `/home/user/studio/dataconnect`\n"}}
